<?xml version="1.0" encoding="UTF-8"?>
<!-- Generated by org.testng.reporters.JUnitReportReporter -->
<testsuite hostname="IBM725-R90C2FVE" name="practice.TC01_03" tests="1" failures="0" timestamp="26 Dec 2018 10:31:31 GMT" time="17.608" errors="0">
  <testcase name="TC01" time="17.608" classname="practice.TC01_03"/>
</testsuite> <!-- practice.TC01_03 -->
